<?xml version="1.0" encoding="UTF-8"?>
<!-- Generated by org.testng.reporters.JUnitReportReporter -->
<testsuite skipped="3" hostname="VBTSCPTESTING02" name="com.vbts.hcm.tests.LoginPageTest" tests="6" failures="0" timestamp="30 Aug 2018 06:37:15 GMT" time="46.669" errors="0">
  <testcase name="Emp_Login" time="15.433" classname="com.vbts.hcm.tests.LoginPageTest"/>
  <testcase name="RM_Login" time="15.930" classname="com.vbts.hcm.tests.LoginPageTest"/>
  <testcase name="HR_Login" time="15.306" classname="com.vbts.hcm.tests.LoginPageTest"/>
  <testcase name="ValidateLoginPagePhoneLogo" classname="com.vbts.hcm.tests.LoginPageTest">
    <skipped/>
  </testcase> <!-- ValidateLoginPagePhoneLogo -->
  <testcase name="ValidateLoginPageTitle" classname="com.vbts.hcm.tests.LoginPageTest">
    <skipped/>
  </testcase> <!-- ValidateLoginPageTitle -->
  <testcase name="ValidateLoginPageURL" classname="com.vbts.hcm.tests.LoginPageTest">
    <skipped/>
  </testcase> <!-- ValidateLoginPageURL -->
</testsuite> <!-- com.vbts.hcm.tests.LoginPageTest -->
