<?xml version="1.0" encoding="UTF-8"?>
<!-- Generated by org.testng.reporters.JUnitReportReporter -->
<testsuite skipped="0" hostname="VBTSCPTESTING02" name="com.vbts.hcm.tests.HomePageTest" tests="3" failures="0" timestamp="30 Aug 2018 06:24:49 GMT" time="38.529" errors="0">
  <testcase name="ValidateHomePageTitle" time="12.982" classname="com.vbts.hcm.tests.HomePageTest"/>
  <testcase name="ValidateHomePageURL" time="12.775" classname="com.vbts.hcm.tests.HomePageTest"/>
  <testcase name="ValidateHomePageHCMLogo" time="12.772" classname="com.vbts.hcm.tests.HomePageTest"/>
</testsuite> <!-- com.vbts.hcm.tests.HomePageTest -->
