<?xml version="1.0" encoding="UTF-8"?>
<!-- Generated by org.testng.reporters.JUnitReportReporter -->
<testsuite skipped="0" hostname="VBTSCPTESTING02" name="com.hcm.vbts.tests.HomePageTest" tests="3" failures="0" timestamp="04 Sep 2018 07:39:18 GMT" time="36.196" errors="0">
  <testcase name="ValidateHomePageTitle" time="12.108" classname="com.hcm.vbts.tests.HomePageTest"/>
  <testcase name="ValidateHomePageURL" time="12.052" classname="com.hcm.vbts.tests.HomePageTest"/>
  <testcase name="ValidateHomePageHCMLogo" time="12.036" classname="com.hcm.vbts.tests.HomePageTest"/>
</testsuite> <!-- com.hcm.vbts.tests.HomePageTest -->
