<?xml version="1.0" encoding="UTF-8"?>
<!-- Generated by org.testng.reporters.JUnitReportReporter -->
<testsuite skipped="0" hostname="VBTSCPTESTING02" name="com.hcm.vbts.tests.HomePageTest" tests="3" failures="0" timestamp="05 Sep 2018 08:02:45 GMT" time="48.800" errors="0">
  <testcase name="ValidateHomePageTitle" time="18.526" classname="com.hcm.vbts.tests.HomePageTest"/>
  <testcase name="ValidateHomePageURL" time="13.904" classname="com.hcm.vbts.tests.HomePageTest"/>
  <testcase name="ValidateHomePageHCMLogo" time="16.370" classname="com.hcm.vbts.tests.HomePageTest"/>
</testsuite> <!-- com.hcm.vbts.tests.HomePageTest -->
