<?xml version="1.0" encoding="UTF-8"?>
<!-- Generated by org.testng.reporters.JUnitReportReporter -->
<testsuite skipped="0" hostname="VBTSCPTESTING02" name="com.hcm.vbts.tests.LoginPageTest" tests="6" failures="0" timestamp="04 Sep 2018 07:39:18 GMT" time="59.100" errors="0">
  <testcase name="ValidateLoginPageTitle" time="6.961" classname="com.hcm.vbts.tests.LoginPageTest"/>
  <testcase name="ValidateLoginPageURL" time="7.019" classname="com.hcm.vbts.tests.LoginPageTest"/>
  <testcase name="ValidateLoginPagePhoneLogo" time="7.151" classname="com.hcm.vbts.tests.LoginPageTest"/>
  <testcase name="Emp_Login" time="12.564" classname="com.hcm.vbts.tests.LoginPageTest"/>
  <testcase name="RM_Login" time="12.329" classname="com.hcm.vbts.tests.LoginPageTest"/>
  <testcase name="HR_Login" time="13.076" classname="com.hcm.vbts.tests.LoginPageTest"/>
</testsuite> <!-- com.hcm.vbts.tests.LoginPageTest -->
