<?xml version="1.0" encoding="UTF-8"?>
<!-- Generated by org.testng.reporters.JUnitReportReporter -->
<testsuite skipped="0" hostname="VBTSCPTESTING02" name="com.hcm.vbts.tests.LoginPageTest" tests="6" failures="0" timestamp="01 Sep 2018 10:56:06 GMT" time="77.894" errors="0">
  <testcase name="ValidateLoginPageTitle" time="9.294" classname="com.hcm.vbts.tests.LoginPageTest"/>
  <testcase name="ValidateLoginPageURL" time="9.358" classname="com.hcm.vbts.tests.LoginPageTest"/>
  <testcase name="ValidateLoginPagePhoneLogo" time="9.754" classname="com.hcm.vbts.tests.LoginPageTest"/>
  <testcase name="Emp_Login" time="14.070" classname="com.hcm.vbts.tests.LoginPageTest"/>
  <testcase name="RM_Login" time="22.914" classname="com.hcm.vbts.tests.LoginPageTest"/>
  <testcase name="HR_Login" time="12.504" classname="com.hcm.vbts.tests.LoginPageTest"/>
</testsuite> <!-- com.hcm.vbts.tests.LoginPageTest -->
