<?xml version="1.0" encoding="UTF-8"?>
<!-- Generated by org.testng.reporters.JUnitReportReporter -->
<testsuite skipped="0" hostname="VBTSCPTESTING02" name="com.hcm.vbts.tests.HomePageTest" tests="3" failures="0" timestamp="01 Sep 2018 10:56:06 GMT" time="38.268" errors="0">
  <testcase name="ValidateHomePageTitle" time="13.235" classname="com.hcm.vbts.tests.HomePageTest"/>
  <testcase name="ValidateHomePageURL" time="12.675" classname="com.hcm.vbts.tests.HomePageTest"/>
  <testcase name="ValidateHomePageHCMLogo" time="12.358" classname="com.hcm.vbts.tests.HomePageTest"/>
</testsuite> <!-- com.hcm.vbts.tests.HomePageTest -->
