<?xml version="1.0" encoding="UTF-8"?>
<!-- Generated by org.testng.reporters.JUnitReportReporter -->
<testsuite skipped="0" hostname="VBTSCPTESTING02" name="com.hcm.vbts.tests.LoginPageTest" tests="6" failures="0" timestamp="05 Sep 2018 08:02:45 GMT" time="102.191" errors="0">
  <testcase name="ValidateLoginPageTitle" time="10.663" classname="com.hcm.vbts.tests.LoginPageTest"/>
  <testcase name="ValidateLoginPageURL" time="20.718" classname="com.hcm.vbts.tests.LoginPageTest"/>
  <testcase name="ValidateLoginPagePhoneLogo" time="12.777" classname="com.hcm.vbts.tests.LoginPageTest"/>
  <testcase name="Emp_Login" time="19.110" classname="com.hcm.vbts.tests.LoginPageTest"/>
  <testcase name="RM_Login" time="24.569" classname="com.hcm.vbts.tests.LoginPageTest"/>
  <testcase name="HR_Login" time="14.354" classname="com.hcm.vbts.tests.LoginPageTest"/>
</testsuite> <!-- com.hcm.vbts.tests.LoginPageTest -->
